<?xml version="1.0" encoding="UTF-8"?>
<!-- Generated by org.testng.reporters.JUnitReportReporter -->
<testsuite skipped="0" hostname="DESKTOP-TNFNRL1" name="test.LoginTest" tests="1" failures="0" timestamp="2021-07-17T20:37:07 IST" time="36.225" errors="0">
  <testcase name="testCase1" time="36.225" classname="test.LoginTest"/>
  <system-out/>
</testsuite> <!-- test.LoginTest -->
