<?xml version="1.0" encoding="UTF-8"?>
<!-- Generated by org.testng.reporters.JUnitReportReporter -->
<testsuite skipped="0" hostname="DESKTOP-TNFNRL1" name="testNGExample.TestCase1" tests="2" failures="0" timestamp="2021-07-16T08:50:29 IST" time="0.010" errors="0">
  <testcase name="loanTest" time="0.007" classname="testNGExample.TestCase1"/>
  <system-out/>
  <testcase name="cardTest" time="0.003" classname="testNGExample.TestCase1"/>
  <system-out/>
</testsuite> <!-- testNGExample.TestCase1 -->
