<?xml version="1.0" encoding="UTF-8"?>
<!-- Generated by org.testng.reporters.JUnitReportReporter -->
<testsuite skipped="0" hostname="DESKTOP-TNFNRL1" name="test.LoginTest" tests="1" failures="0" timestamp="2021-07-17T11:17:20 IST" time="24.420" errors="0">
  <testcase name="testCase1" time="24.420" classname="test.LoginTest"/>
  <system-out/>
</testsuite> <!-- test.LoginTest -->
