<?xml version="1.0" encoding="UTF-8"?>
<!-- Generated by org.testng.reporters.JUnitReportReporter -->
<testsuite skipped="0" hostname="DESKTOP-TNFNRL1" name="testNGExample.TestCase2" tests="3" failures="0" timestamp="2021-07-16T08:49:47 IST" time="0.024" errors="0">
  <testcase name="excludeTest2" time="0.003" classname="testNGExample.TestCase2"/>
  <system-out/>
  <testcase name="insuranceTest" time="0.007" classname="testNGExample.TestCase2"/>
  <system-out/>
  <testcase name="excludeTest1" time="0.014" classname="testNGExample.TestCase2"/>
  <system-out/>
</testsuite> <!-- testNGExample.TestCase2 -->
